ago. 27, 2025 3:17:21 PM liquibase.changelog
INFO: Reading resource: db/changelog/migrations/db.changelog-202508252100.sql
ago. 27, 2025 3:17:21 PM liquibase.changelog
INFO: Reading resource: db/changelog/migrations/db.changelog-202508261038.sql
ago. 27, 2025 3:17:21 PM liquibase.changelog
INFO: Reading resource: db/changelog/migrations/db.changelog-202508261041.sql
ago. 27, 2025 3:17:21 PM liquibase.changelog
INFO: Reading resource: db/changelog/migrations/db.changelog-202508261055.sql
ago. 27, 2025 3:17:21 PM liquibase.changelog
INFO: Reading resource: db/changelog/migrations/db.changelog-202508261102.sql
ago. 27, 2025 3:17:22 PM liquibase.changelog
INFO: Reading from board.databasechangelog
Database is up to date, no changesets to execute
ago. 27, 2025 3:17:22 PM liquibase.changelog
INFO: Reading from board.databasechangelog

UPDATE SUMMARY
Run:                          0
Previously run:               5
Filtered out:                 0
-------------------------------
Total change sets:            5

ago. 27, 2025 3:17:22 PM liquibase.util
INFO: UPDATE SUMMARY
ago. 27, 2025 3:17:22 PM liquibase.util
INFO: Run:                          0
ago. 27, 2025 3:17:22 PM liquibase.util
INFO: Previously run:               5
ago. 27, 2025 3:17:22 PM liquibase.util
INFO: Filtered out:                 0
ago. 27, 2025 3:17:22 PM liquibase.util
INFO: -------------------------------
ago. 27, 2025 3:17:22 PM liquibase.util
INFO: Total change sets:            5
ago. 27, 2025 3:17:22 PM liquibase.util
INFO: Update summary generated
ago. 27, 2025 3:17:22 PM liquibase.lockservice
INFO: Successfully released change log lock
ago. 27, 2025 3:17:22 PM liquibase.command
INFO: Command execution complete
